#-----------------------------------------------------------
# Vivado v2018.3 (64-bit)
# SW Build 2405991 on Thu Dec  6 23:38:27 MST 2018
# IP Build 2404404 on Fri Dec  7 01:43:56 MST 2018
# Start of session at: Thu Jun 10 20:05:13 2021
# Process ID: 17640
# Current directory: E:/DESK/FPGA
# Command line: vivado.exe -gui_launcher_event rodinguilauncherevent17448 E:\DESK\FPGA\project_5.xpr
# Log file: E:/DESK/FPGA/vivado.log
# Journal file: E:/DESK/FPGA\vivado.jou
#-----------------------------------------------------------
start_gui
open_project E:/DESK/FPGA/project_5.xpr
Scanning sources...
Finished scanning sources
INFO: [IP_Flow 19-234] Refreshing IP repositories
INFO: [IP_Flow 19-1704] No user IP repositories specified
INFO: [IP_Flow 19-2313] Loaded Vivado IP repository 'D:/Xilinx/Vivado/2018.3/data/ip'.
open_project: Time (s): cpu = 00:00:18 ; elapsed = 00:00:10 . Memory (MB): peak = 832.250 ; gain = 234.738
update_compile_order -fileset sources_1
